<?xml version="1.0" encoding="UTF-8"?>
<!-- Generated by org.testng.reporters.JUnitReportReporter -->
<testsuite hostname="DESKTOP-R1GJ1RP" failures="0" tests="3" name="tests.day4" time="0.012" errors="0" timestamp="2022-07-14T18:21:06 IST" skipped="0">
  <testcase classname="tests.day4" name="WebloginHomeLoan" time="0.005"/>
  <system-out/>
  <testcase classname="tests.day4" name="APIloginHomeLoan" time="0.003"/>
  <system-out/>
  <testcase classname="tests.day4" name="CarloginHomeLoan" time="0.004"/>
  <system-out/>
</testsuite> <!-- tests.day4 -->
