<?xml version="1.0" encoding="UTF-8"?>
<!-- Generated by org.testng.reporters.JUnitReportReporter -->
<testsuite hostname="DESKTOP-R1GJ1RP" failures="0" tests="1" name="tests.day2" time="0.014" errors="0" timestamp="2022-07-14T18:21:06 IST" skipped="0">
  <testcase classname="tests.day2" name="demo" time="0.014"/>
  <system-out/>
</testsuite> <!-- tests.day2 -->
