<?xml version="1.0" encoding="UTF-8"?>
<!-- Generated by org.testng.reporters.JUnitReportReporter -->
<testsuite hostname="DESKTOP-R1GJ1RP" failures="0" tests="2" name="tests.day1" time="0.010" errors="0" timestamp="2022-07-14T17:54:55 IST" skipped="1">
  <testcase classname="tests.day1" name="SeconTest" time="0.010"/>
  <system-out/>
  <testcase classname="tests.day1" name="demo">
    <skipped/>
  </testcase> <!-- demo -->
  <system-out/>
</testsuite> <!-- tests.day1 -->
