<?xml version="1.0" encoding="UTF-8"?>
<!-- Generated by org.testng.reporters.JUnitReportReporter -->
<testsuite hostname="DESKTOP-R1GJ1RP" failures="0" tests="5" name="tests.day3" time="0.044" errors="0" timestamp="2022-07-14T18:21:06 IST" skipped="0">
  <testcase classname="tests.day3" name="CarAPIlogin" time="0.008"/>
  <system-out/>
  <testcase classname="tests.day3" name="CarWeblogin" time="0.014"/>
  <system-out/>
  <testcase classname="tests.day3" name="mCarlogin" time="0.003"/>
  <system-out/>
  <testcase classname="tests.day3" name="mCarlogin" time="0.002"/>
  <system-out/>
  <testcase classname="tests.day3" name="mCarlogin" time="0.017"/>
  <system-out/>
</testsuite> <!-- tests.day3 -->
